Using pre-set license
Built from '2022.3/staging' branch; Version is '2022.3.24f1 (334eb2a0b267) revision 3362482'; Using compiler version '192829333'; Build Type 'Release'
OS: 'Windows 11  (10.0.22631) 64bit Professional' Language: 'ru' Physical Memory: 16006 MB
BatchMode: 1, IsHumanControllingUs: 0, StartBugReporterOnCrash: 0, Is64bit: 1, IsPro: 1

COMMAND LINE ARGUMENTS:
C:\Program Files\Unity\Hub\Editor\2022.3.24f1\Editor\Unity.exe
-adb2
-batchMode
-noUpm
-name
AssetImportWorker0
-projectPath
C:/Users/AsusPC/Desktop/LexiMarket
-logFile
Logs/AssetImportWorker0.log
-srvPort
62493
Successfully changed project path to: C:/Users/AsusPC/Desktop/LexiMarket
C:/Users/AsusPC/Desktop/LexiMarket
[UnityMemory] Configuration Parameters - Can be set up in boot.config
    "memorysetup-bucket-allocator-granularity=16"
    "memorysetup-bucket-allocator-bucket-count=8"
    "memorysetup-bucket-allocator-block-size=33554432"
    "memorysetup-bucket-allocator-block-count=8"
    "memorysetup-main-allocator-block-size=16777216"
    "memorysetup-thread-allocator-block-size=16777216"
    "memorysetup-gfx-main-allocator-block-size=16777216"
    "memorysetup-gfx-thread-allocator-block-size=16777216"
    "memorysetup-cache-allocator-block-size=4194304"
    "memorysetup-typetree-allocator-block-size=2097152"
    "memorysetup-profiler-bucket-allocator-granularity=16"
    "memorysetup-profiler-bucket-allocator-bucket-count=8"
    "memorysetup-profiler-bucket-allocator-block-size=33554432"
    "memorysetup-profiler-bucket-allocator-block-count=8"
    "memorysetup-profiler-allocator-block-size=16777216"
    "memorysetup-profiler-editor-allocator-block-size=1048576"
    "memorysetup-temp-allocator-size-main=16777216"
    "memorysetup-job-temp-allocator-block-size=2097152"
    "memorysetup-job-temp-allocator-block-size-background=1048576"
    "memorysetup-job-temp-allocator-reduction-small-platforms=262144"
    "memorysetup-allocator-temp-initial-block-size-main=262144"
    "memorysetup-allocator-temp-initial-block-size-worker=262144"
    "memorysetup-temp-allocator-size-background-worker=32768"
    "memorysetup-temp-allocator-size-job-worker=262144"
    "memorysetup-temp-allocator-size-preload-manager=33554432"
    "memorysetup-temp-allocator-size-nav-mesh-worker=65536"
    "memorysetup-temp-allocator-size-audio-worker=65536"
    "memorysetup-temp-allocator-size-cloud-worker=32768"
    "memorysetup-temp-allocator-size-gi-baking-worker=262144"
    "memorysetup-temp-allocator-size-gfx=262144"
Player connection [9268] Host "[IP] 172.19.240.1 [Port] 0 [Flags] 2 [Guid] 636707078 [EditorId] 636707078 [Version] 1048832 [Id] WindowsEditor(7,Asus) [Debug] 1 [PackageName] WindowsEditor [ProjectName] Editor" joined multi-casting on [225.0.0.222:54997]...

Player connection [9268] Host "[IP] 172.19.240.1 [Port] 0 [Flags] 2 [Guid] 636707078 [EditorId] 636707078 [Version] 1048832 [Id] WindowsEditor(7,Asus) [Debug] 1 [PackageName] WindowsEditor [ProjectName] Editor" joined alternative multi-casting on [225.0.0.222:34997]...

[Physics::Module] Initialized MultithreadedJobDispatcher with 11 workers.
Refreshing native plugins compatible for Editor in 8.15 ms, found 6 plugins.
Preloading 0 native plugins for Editor in 0.00 ms.
Initialize engine version: 2022.3.24f1 (334eb2a0b267)
[Subsystems] Discovering subsystems at path C:/Program Files/Unity/Hub/Editor/2022.3.24f1/Editor/Data/Resources/UnitySubsystems
[Subsystems] Discovering subsystems at path C:/Users/AsusPC/Desktop/LexiMarket/Assets
GfxDevice: creating device client; threaded=0; jobified=0
Direct3D:
    Version:  Direct3D 11.0 [level 11.1]
    Renderer: NVIDIA GeForce RTX 3050 Laptop GPU (ID=0x25a2)
    Vendor:   NVIDIA
    VRAM:     3977 MB
    Driver:   31.0.15.4680
Initialize mono
Mono path[0] = 'C:/Program Files/Unity/Hub/Editor/2022.3.24f1/Editor/Data/Managed'
Mono path[1] = 'C:/Program Files/Unity/Hub/Editor/2022.3.24f1/Editor/Data/MonoBleedingEdge/lib/mono/unityjit-win32'
Mono config path = 'C:/Program Files/Unity/Hub/Editor/2022.3.24f1/Editor/Data/MonoBleedingEdge/etc'
Using monoOptions --debugger-agent=transport=dt_socket,embedding=1,server=y,suspend=n,address=127.0.0.1:56684
Begin MonoManager ReloadAssembly
Registering precompiled unity dll's ...
Register platform support module: C:/Program Files/Unity/Hub/Editor/2022.3.24f1/Editor/Data/PlaybackEngines/WebGLSupport/UnityEditor.WebGL.Extensions.dll
Register platform support module: C:/Program Files/Unity/Hub/Editor/2022.3.24f1/Editor/Data/PlaybackEngines/WindowsStandaloneSupport/UnityEditor.WindowsStandalone.Extensions.dll
Registered in 0.004521 seconds.
- Loaded All Assemblies, in  0.291 seconds
Native extension for WindowsStandalone target not found
Native extension for WebGL target not found
Mono: successfully reloaded assembly
- Finished resetting the current domain, in  0.251 seconds
Domain Reload Profiling: 541ms
	BeginReloadAssembly (91ms)
		ExecutionOrderSort (0ms)
		DisableScriptedObjects (0ms)
		BackupInstance (0ms)
		ReleaseScriptingObjects (0ms)
		CreateAndSetChildDomain (1ms)
	RebuildCommonClasses (27ms)
	RebuildNativeTypeToScriptingClass (8ms)
	initialDomainReloadingComplete (46ms)
	LoadAllAssembliesAndSetupDomain (118ms)
		LoadAssemblies (90ms)
		RebuildTransferFunctionScriptingTraits (0ms)
		AnalyzeDomain (116ms)
			TypeCache.Refresh (115ms)
				TypeCache.ScanAssembly (102ms)
			ScanForSourceGeneratedMonoScriptInfo (0ms)
			ResolveRequiredComponents (0ms)
	FinalizeReload (251ms)
		ReleaseScriptCaches (0ms)
		RebuildScriptCaches (0ms)
		SetupLoadedEditorAssemblies (201ms)
			LogAssemblyErrors (0ms)
			InitializePlatformSupportModulesInManaged (9ms)
			SetLoadedEditorAssemblies (5ms)
			RefreshPlugins (0ms)
			BeforeProcessingInitializeOnLoad (2ms)
			ProcessInitializeOnLoadAttributes (137ms)
			ProcessInitializeOnLoadMethodAttributes (48ms)
			AfterProcessingInitializeOnLoad (0ms)
			EditorAssembliesLoaded (0ms)
		ExecutionOrderSort2 (0ms)
		AwakeInstancesAfterBackupRestoration (0ms)
========================================================================
Worker process is ready to serve import requests
Begin MonoManager ReloadAssembly
- Loaded All Assemblies, in  0.551 seconds
Refreshing native plugins compatible for Editor in 5.92 ms, found 6 plugins.
Native extension for WindowsStandalone target not found
Native extension for WebGL target not found
Package Manager log level set to [2]
[Package Manager] Server::EnsureServerProcessIsRunning -- launch failed, reason: Unity was launched with the -noUpm command-line argument
[Package Manager] UpmClient::Send -- Unable to send message (not connected to UPM process).
[Package Manager] Cannot connect to Unity Package Manager local server
Mono: successfully reloaded assembly
[Package Manager] Server::EnsureServerProcessIsRunning -- launch failed, reason: Unity was launched with the -noUpm command-line argument
[Package Manager] UpmClient::Send -- Unable to send message (not connected to UPM process).
[Package Manager] Cannot connect to Unity Package Manager local server
[Package Manager] Server::EnsureServerProcessIsRunning -- launch failed, reason: Unity was launched with the -noUpm command-line argument
[Package Manager] UpmClient::Send -- Unable to send message (not connected to UPM process).
[Package Manager] Cannot connect to Unity Package Manager local server
- Finished resetting the current domain, in  0.698 seconds
Domain Reload Profiling: 1246ms
	BeginReloadAssembly (138ms)
		ExecutionOrderSort (0ms)
		DisableScriptedObjects (5ms)
		BackupInstance (0ms)
		ReleaseScriptingObjects (0ms)
		CreateAndSetChildDomain (19ms)
	RebuildCommonClasses (27ms)
	RebuildNativeTypeToScriptingClass (8ms)
	initialDomainReloadingComplete (36ms)
	LoadAllAssembliesAndSetupDomain (339ms)
		LoadAssemblies (265ms)
		RebuildTransferFunctionScriptingTraits (0ms)
		AnalyzeDomain (157ms)
			TypeCache.Refresh (134ms)
				TypeCache.ScanAssembly (120ms)
			ScanForSourceGeneratedMonoScriptInfo (16ms)
			ResolveRequiredComponents (6ms)
	FinalizeReload (698ms)
		ReleaseScriptCaches (0ms)
		RebuildScriptCaches (0ms)
		SetupLoadedEditorAssemblies (568ms)
			LogAssemblyErrors (0ms)
			InitializePlatformSupportModulesInManaged (5ms)
			SetLoadedEditorAssemblies (4ms)
			RefreshPlugins (0ms)
			BeforeProcessingInitializeOnLoad (48ms)
			ProcessInitializeOnLoadAttributes (488ms)
			ProcessInitializeOnLoadMethodAttributes (17ms)
			AfterProcessingInitializeOnLoad (4ms)
			EditorAssembliesLoaded (0ms)
		ExecutionOrderSort2 (0ms)
		AwakeInstancesAfterBackupRestoration (5ms)
Launched and connected shader compiler UnityShaderCompiler.exe after 0.04 seconds
Refreshing native plugins compatible for Editor in 4.14 ms, found 6 plugins.
Preloading 0 native plugins for Editor in 0.00 ms.
Unloading 3436 Unused Serialized files (Serialized files now loaded: 0)
Unloading 37 unused Assets / (58.9 KB). Loaded Objects now: 3902.
Memory consumption went from 135.0 MB to 135.0 MB.
Total: 4.259100 ms (FindLiveObjects: 0.318300 ms CreateObjectMapping: 0.127800 ms MarkObjects: 3.639200 ms  DeleteObjects: 0.171600 ms)

AssetImportParameters requested are different than current active one (requested -> active):
  custom:container-demuxer-ogg: 62fdf1f143b41e24485cea50d1cbac27 -> 
  custom:video-codec-MediaFoundation-h265: 746d11721c4dcdbdad8f713fa42b33f4 -> 
  custom:video-decoder-ogg-theora: a1e56fd34408186e4bbccfd4996cb3dc -> 
  custom:framework-win-MediaFoundation: 216162199b28c13a410421893ffa2e32 -> 
  custom:CustomObjectIndexerAttribute: 9a22284fe3817be447336de3de66b15e -> 
  custom:container-demuxer-webm: 4f35f7cbe854078d1ac9338744f61a02 -> 
  custom:container-muxer-webm: aa71ff27fc2769a1b78a27578f13a17b -> 
  custom:video-decoder-webm-vp8: 9c59270c3fd7afecdb556c50c9e8de78 -> 
  custom:SearchIndexIgnoredProperties: e643bd26f0fe6173181afceb89e7c659 -> 
  custom:AudioImporter_EditorPlatform: d09bf68614088b80899f8185d706f6e7 -> 
  custom:video-encoder-webm-vp8: eb34c28f22e8b96e1ab97ce403110664 -> 
  custom:audio-decoder-ogg-vorbis: bf7c407c2cedff20999df2af8eb42d56 -> 
  custom:audio-encoder-webm-vorbis: bf7c407c2cedff20999df2af8eb42d56 -> 
========================================================================
Received Import Request.
  Time since last request: 258353.727788 seconds.
  path: Assets/Resources
  artifactKey: Guid(69c05e0636117a742829022c2dcfd8d9) Importer(815301076,1909f56bfc062723c751e8b465ee728b)
Start importing Assets/Resources using Guid(69c05e0636117a742829022c2dcfd8d9) Importer(815301076,1909f56bfc062723c751e8b465ee728b)  -> (artifact id: '6c9486abd5068fd4c6249feeb99c47b8') in 0.002449 seconds
Number of updated asset objects reloaded before import = 0
Number of asset objects unloaded after import = 0
========================================================================
Received Import Request.
  Time since last request: 0.870621 seconds.
  path: Assets/Resources/Items
  artifactKey: Guid(c1ffdf52e65b23548bc7beb169f62e87) Importer(815301076,1909f56bfc062723c751e8b465ee728b)
Start importing Assets/Resources/Items using Guid(c1ffdf52e65b23548bc7beb169f62e87) Importer(815301076,1909f56bfc062723c751e8b465ee728b)  -> (artifact id: 'c1f50ca3bcdaccd816af61d916797835') in 0.000407 seconds
Number of updated asset objects reloaded before import = 0
Number of asset objects unloaded after import = 0
========================================================================
Received Import Request.
  Time since last request: 0.070968 seconds.
  path: Assets/Resources/Items/AppleItem.asset
  artifactKey: Guid(f3e4439129e9b774e89698b13cd0d075) Importer(815301076,1909f56bfc062723c751e8b465ee728b)
Start importing Assets/Resources/Items/AppleItem.asset using Guid(f3e4439129e9b774e89698b13cd0d075) Importer(815301076,1909f56bfc062723c751e8b465ee728b)  -> (artifact id: '3c3bec930298f759f28e73a5b3e3119b') in 0.014205 seconds
Number of updated asset objects reloaded before import = 0
Number of asset objects unloaded after import = 1
========================================================================
Received Import Request.
  Time since last request: 203.952410 seconds.
  path: Assets/Resources/baklazan.fbx
  artifactKey: Guid(0a2f5410be6bf5240b13fec7eda6b3f9) Importer(815301076,1909f56bfc062723c751e8b465ee728b)
Start importing Assets/Resources/baklazan.fbx using Guid(0a2f5410be6bf5240b13fec7eda6b3f9) Importer(815301076,1909f56bfc062723c751e8b465ee728b)  -> (artifact id: '16fbf65848f4a1d2c2de86fa4e3be3a9') in 0.288611 seconds
Number of updated asset objects reloaded before import = 0
Number of asset objects unloaded after import = 14
========================================================================
Received Import Request.
  Time since last request: 0.000049 seconds.
  path: Assets/Resources/Pomidor.fbx
  artifactKey: Guid(e9b8ceaeaeaa0154d875d42bd2e6d1d0) Importer(815301076,1909f56bfc062723c751e8b465ee728b)
Start importing Assets/Resources/Pomidor.fbx using Guid(e9b8ceaeaeaa0154d875d42bd2e6d1d0) Importer(815301076,1909f56bfc062723c751e8b465ee728b)  -> (artifact id: '4eb1bad2f8c4b188a3f0f5ada05b7223') in 0.032262 seconds
Number of updated asset objects reloaded before import = 0
Number of asset objects unloaded after import = 14
========================================================================
Received Import Request.
  Time since last request: 0.000038 seconds.
  path: Assets/Resources/korzina.fbx
  artifactKey: Guid(d09cf5826ff48db4d8b5dbf9e8b8196a) Importer(815301076,1909f56bfc062723c751e8b465ee728b)
Start importing Assets/Resources/korzina.fbx using Guid(d09cf5826ff48db4d8b5dbf9e8b8196a) Importer(815301076,1909f56bfc062723c751e8b465ee728b)  -> (artifact id: '2509a0b056baebb3c94f9f36f171d921') in 0.043839 seconds
Number of updated asset objects reloaded before import = 0
Number of asset objects unloaded after import = 20
========================================================================
Received Import Request.
  Time since last request: 0.000020 seconds.
  path: Assets/Resources/Yabloko.fbx
  artifactKey: Guid(3162b2aff2da7df4b8534e899bd9218c) Importer(815301076,1909f56bfc062723c751e8b465ee728b)
Start importing Assets/Resources/Yabloko.fbx using Guid(3162b2aff2da7df4b8534e899bd9218c) Importer(815301076,1909f56bfc062723c751e8b465ee728b)  -> (artifact id: '537f0f686f5ace55ad1f6e0e7b78b744') in 0.048142 seconds
Number of updated asset objects reloaded before import = 0
Number of asset objects unloaded after import = 24
========================================================================
Received Import Request.
  Time since last request: 81.996005 seconds.
  path: Assets/Resources/baklazan.prefab
  artifactKey: Guid(29d87374ff10e874b81f1a7828b5874f) Importer(815301076,1909f56bfc062723c751e8b465ee728b)
Start importing Assets/Resources/baklazan.prefab using Guid(29d87374ff10e874b81f1a7828b5874f) Importer(815301076,1909f56bfc062723c751e8b465ee728b)  -> (artifact id: 'd4ab8e9e50a36320773d05726ee528bb') in 0.001259 seconds
Number of updated asset objects reloaded before import = 0
Number of asset objects unloaded after import = 1
========================================================================
Received Import Request.
  Time since last request: 0.001212 seconds.
  path: Assets/Resources/ball.prefab
  artifactKey: Guid(39e84c97a184a4e4f9156c75aa48cb1c) Importer(815301076,1909f56bfc062723c751e8b465ee728b)
Start importing Assets/Resources/ball.prefab using Guid(39e84c97a184a4e4f9156c75aa48cb1c) Importer(815301076,1909f56bfc062723c751e8b465ee728b)  -> (artifact id: 'a6ee1a94d5c8784aa6bf22daf4711b62') in 0.001200 seconds
Number of updated asset objects reloaded before import = 0
Number of asset objects unloaded after import = 1
========================================================================
Received Import Request.
  Time since last request: 0.000025 seconds.
  path: Assets/Resources/Kapusta.prefab
  artifactKey: Guid(204c2c262cde1f24c8ec75d301cb00f7) Importer(815301076,1909f56bfc062723c751e8b465ee728b)
Start importing Assets/Resources/Kapusta.prefab using Guid(204c2c262cde1f24c8ec75d301cb00f7) Importer(815301076,1909f56bfc062723c751e8b465ee728b)  -> (artifact id: '31a987f4dee436dd9096e662754c174f') in 0.000668 seconds
Number of updated asset objects reloaded before import = 0
Number of asset objects unloaded after import = 1
========================================================================
Received Import Request.
  Time since last request: 0.000009 seconds.
  path: Assets/Resources/sharik_dark_blue 1.prefab
  artifactKey: Guid(6c6ec23a6d88c894189afde98ba5fbcc) Importer(815301076,1909f56bfc062723c751e8b465ee728b)
Start importing Assets/Resources/sharik_dark_blue 1.prefab using Guid(6c6ec23a6d88c894189afde98ba5fbcc) Importer(815301076,1909f56bfc062723c751e8b465ee728b)  -> (artifact id: 'e1e5cd019d15120648ddf3c4e28fb1a0') in 0.000633 seconds
Number of updated asset objects reloaded before import = 0
Number of asset objects unloaded after import = 1
========================================================================
Received Import Request.
  Time since last request: 0.000094 seconds.
  path: Assets/Resources/sharik_red 1.prefab
  artifactKey: Guid(ea1dc47681a6cd645b92977507aa68fa) Importer(815301076,1909f56bfc062723c751e8b465ee728b)
Start importing Assets/Resources/sharik_red 1.prefab using Guid(ea1dc47681a6cd645b92977507aa68fa) Importer(815301076,1909f56bfc062723c751e8b465ee728b)  -> (artifact id: 'e7167257a307f655f237edb69be6c900') in 0.000824 seconds
Number of updated asset objects reloaded before import = 0
Number of asset objects unloaded after import = 1
========================================================================
Received Import Request.
  Time since last request: 0.000013 seconds.
  path: Assets/Resources/Yabloko.prefab
  artifactKey: Guid(a7be26d906a2bc140a29122ebdaf8943) Importer(815301076,1909f56bfc062723c751e8b465ee728b)
Start importing Assets/Resources/Yabloko.prefab using Guid(a7be26d906a2bc140a29122ebdaf8943) Importer(815301076,1909f56bfc062723c751e8b465ee728b)  -> (artifact id: 'c4458411c5a2734be25dca8903901182') in 0.000740 seconds
Number of updated asset objects reloaded before import = 0
Number of asset objects unloaded after import = 1
========================================================================
Received Import Request.
  Time since last request: 0.000090 seconds.
  path: Assets/Resources/Pomidor.prefab
  artifactKey: Guid(5b05f8f46c7046449a1203072739484f) Importer(815301076,1909f56bfc062723c751e8b465ee728b)
Start importing Assets/Resources/Pomidor.prefab using Guid(5b05f8f46c7046449a1203072739484f) Importer(815301076,1909f56bfc062723c751e8b465ee728b)  -> (artifact id: '1096db4e26215aa1518ec301b8178b05') in 0.000706 seconds
Number of updated asset objects reloaded before import = 0
Number of asset objects unloaded after import = 1
========================================================================
Received Import Request.
  Time since last request: 0.000055 seconds.
  path: Assets/Resources/sharik_green 1.prefab
  artifactKey: Guid(72a4a49c454a9fd43944b16ac766a7f2) Importer(815301076,1909f56bfc062723c751e8b465ee728b)
Start importing Assets/Resources/sharik_green 1.prefab using Guid(72a4a49c454a9fd43944b16ac766a7f2) Importer(815301076,1909f56bfc062723c751e8b465ee728b)  -> (artifact id: '41a8cdeb9c317feae27826d11b0a7f01') in 0.000642 seconds
Number of updated asset objects reloaded before import = 0
Number of asset objects unloaded after import = 1
========================================================================
Received Import Request.
  Time since last request: 53.744359 seconds.
  path: Assets/Resources/Objects
  artifactKey: Guid(9903ce3e4f2ecaa40a7120cd73dcb702) Importer(815301076,1909f56bfc062723c751e8b465ee728b)
Start importing Assets/Resources/Objects using Guid(9903ce3e4f2ecaa40a7120cd73dcb702) Importer(815301076,1909f56bfc062723c751e8b465ee728b)  -> (artifact id: 'e856bce5a6aa6572350005ac151c7952') in 0.000617 seconds
Number of updated asset objects reloaded before import = 0
Number of asset objects unloaded after import = 0
========================================================================
Received Import Request.
  Time since last request: 0.218062 seconds.
  path: Assets/Resources/Objects/baklazan.fbx
  artifactKey: Guid(03774ab75bbfb1745ba6427bece61fbe) Importer(815301076,1909f56bfc062723c751e8b465ee728b)
Start importing Assets/Resources/Objects/baklazan.fbx using Guid(03774ab75bbfb1745ba6427bece61fbe) Importer(815301076,1909f56bfc062723c751e8b465ee728b)  -> (artifact id: '684c919a49d0c65d12a7ed50cef8a01d') in 0.045366 seconds
Number of updated asset objects reloaded before import = 0
Number of asset objects unloaded after import = 14
========================================================================
Received Import Request.
  Time since last request: 0.000021 seconds.
  path: Assets/Resources/Objects/New Material 11.mat
  artifactKey: Guid(e9614376e3cfdc643b802a15ad84cc03) Importer(815301076,1909f56bfc062723c751e8b465ee728b)
Start importing Assets/Resources/Objects/New Material 11.mat using Guid(e9614376e3cfdc643b802a15ad84cc03) Importer(815301076,1909f56bfc062723c751e8b465ee728b)  -> (artifact id: '760445f49896e1d202247189ca0502ab') in 0.172276 seconds
Number of updated asset objects reloaded before import = 0
Number of asset objects unloaded after import = 1
========================================================================
Received Import Request.
  Time since last request: 0.000042 seconds.
  path: Assets/Resources/Objects/Shnicel.fbx
  artifactKey: Guid(eda6ebe8fc13ac341ae169c8fed573dc) Importer(815301076,1909f56bfc062723c751e8b465ee728b)
Start importing Assets/Resources/Objects/Shnicel.fbx using Guid(eda6ebe8fc13ac341ae169c8fed573dc) Importer(815301076,1909f56bfc062723c751e8b465ee728b)  -> (artifact id: '0b6a41e3ea722e2f283fc83f98cf28e6') in 0.037260 seconds
Number of updated asset objects reloaded before import = 0
Number of asset objects unloaded after import = 10
========================================================================
Received Import Request.
  Time since last request: 0.000031 seconds.
  path: Assets/Resources/Objects/New Material 3.mat
  artifactKey: Guid(7a23fb06a2d2d844faf3a5c897acb676) Importer(815301076,1909f56bfc062723c751e8b465ee728b)
Start importing Assets/Resources/Objects/New Material 3.mat using Guid(7a23fb06a2d2d844faf3a5c897acb676) Importer(815301076,1909f56bfc062723c751e8b465ee728b)  -> (artifact id: 'a49802ce81f110eee6551bdc6a47bc70') in 0.015840 seconds
Number of updated asset objects reloaded before import = 0
Number of asset objects unloaded after import = 1
========================================================================
Received Import Request.
  Time since last request: 0.000018 seconds.
  path: Assets/Resources/Objects/New Material 12.mat
  artifactKey: Guid(99d749baf94a0c94eb8b3ea7af9fd7c9) Importer(815301076,1909f56bfc062723c751e8b465ee728b)
Start importing Assets/Resources/Objects/New Material 12.mat using Guid(99d749baf94a0c94eb8b3ea7af9fd7c9) Importer(815301076,1909f56bfc062723c751e8b465ee728b)  -> (artifact id: '2ffb6a63fe4633596abdb2e110363780') in 0.015924 seconds
Number of updated asset objects reloaded before import = 0
Number of asset objects unloaded after import = 1
========================================================================
Received Import Request.
  Time since last request: 0.000030 seconds.
  path: Assets/Resources/Objects/New Material 5.mat
  artifactKey: Guid(7455f7b8ff215ad42892108e2f7d6e45) Importer(815301076,1909f56bfc062723c751e8b465ee728b)
Start importing Assets/Resources/Objects/New Material 5.mat using Guid(7455f7b8ff215ad42892108e2f7d6e45) Importer(815301076,1909f56bfc062723c751e8b465ee728b)  -> (artifact id: '98f5c3f0f0bd9fb90888a647f8e06883') in 0.013565 seconds
Number of updated asset objects reloaded before import = 0
Number of asset objects unloaded after import = 1
========================================================================
Received Import Request.
  Time since last request: 0.000043 seconds.
  path: Assets/Resources/Objects/sharik_purple 1.fbx
  artifactKey: Guid(bcb977355b2bc2147b3d0c383d68754c) Importer(815301076,1909f56bfc062723c751e8b465ee728b)
Start importing Assets/Resources/Objects/sharik_purple 1.fbx using Guid(bcb977355b2bc2147b3d0c383d68754c) Importer(815301076,1909f56bfc062723c751e8b465ee728b)  -> (artifact id: '25e2153f1f7a18030bb24249dabc8a23') in 0.048656 seconds
Number of updated asset objects reloaded before import = 0
Number of asset objects unloaded after import = 19
========================================================================
Received Import Request.
  Time since last request: 0.000018 seconds.
  path: Assets/Resources/Objects/sharik_yellow 1.fbx
  artifactKey: Guid(12fa3ffac6afd7f4a9bf187995a01b91) Importer(815301076,1909f56bfc062723c751e8b465ee728b)
Start importing Assets/Resources/Objects/sharik_yellow 1.fbx using Guid(12fa3ffac6afd7f4a9bf187995a01b91) Importer(815301076,1909f56bfc062723c751e8b465ee728b)  -> (artifact id: '26f5c79f79a62b3b816e6d7d82bf9091') in 0.047723 seconds
Number of updated asset objects reloaded before import = 0
Number of asset objects unloaded after import = 19
========================================================================
Received Import Request.
  Time since last request: 0.000021 seconds.
  path: Assets/Resources/Objects/New Material 14.mat
  artifactKey: Guid(8e1db9d06f053a94785551624a1d12d8) Importer(815301076,1909f56bfc062723c751e8b465ee728b)
Start importing Assets/Resources/Objects/New Material 14.mat using Guid(8e1db9d06f053a94785551624a1d12d8) Importer(815301076,1909f56bfc062723c751e8b465ee728b)  -> (artifact id: 'e2196504a9619fb77bdb6c37dbdf4c50') in 0.015091 seconds
Number of updated asset objects reloaded before import = 0
Number of asset objects unloaded after import = 1
========================================================================
Received Import Request.
  Time since last request: 0.000036 seconds.
  path: Assets/Resources/Objects/sharik_orange 1.fbx
  artifactKey: Guid(2b60f12e5f002b245933efd02a7e5bd2) Importer(815301076,1909f56bfc062723c751e8b465ee728b)
Start importing Assets/Resources/Objects/sharik_orange 1.fbx using Guid(2b60f12e5f002b245933efd02a7e5bd2) Importer(815301076,1909f56bfc062723c751e8b465ee728b)  -> (artifact id: 'e0245a0b96b08bb8ad7d1f197fdf3a24') in 0.046515 seconds
Number of updated asset objects reloaded before import = 0
Number of asset objects unloaded after import = 19
========================================================================
Received Import Request.
  Time since last request: 0.000118 seconds.
  path: Assets/Resources/Objects/New Material 7.mat
  artifactKey: Guid(2623f485e4ed2d44b9083940cea5ddbc) Importer(815301076,1909f56bfc062723c751e8b465ee728b)
Start importing Assets/Resources/Objects/New Material 7.mat using Guid(2623f485e4ed2d44b9083940cea5ddbc) Importer(815301076,1909f56bfc062723c751e8b465ee728b)  -> (artifact id: '84a82fdd0b36a583de146555c7820e43') in 0.016832 seconds
Number of updated asset objects reloaded before import = 0
Number of asset objects unloaded after import = 1
========================================================================
Received Import Request.
  Time since last request: 0.000032 seconds.
  path: Assets/Resources/Objects/New Material 9.mat
  artifactKey: Guid(c0a733afbc35b5143b68b1499fffddc5) Importer(815301076,1909f56bfc062723c751e8b465ee728b)
Start importing Assets/Resources/Objects/New Material 9.mat using Guid(c0a733afbc35b5143b68b1499fffddc5) Importer(815301076,1909f56bfc062723c751e8b465ee728b)  -> (artifact id: 'c1279709271c2ff7c3a87dcd38e61fa3') in 0.017290 seconds
Number of updated asset objects reloaded before import = 0
Number of asset objects unloaded after import = 1
========================================================================
Received Import Request.
  Time since last request: 0.000021 seconds.
  path: Assets/Resources/Objects/sharik_blue 1.prefab
  artifactKey: Guid(d39dcf2a439134e4197f06d3b54facdb) Importer(815301076,1909f56bfc062723c751e8b465ee728b)
Start importing Assets/Resources/Objects/sharik_blue 1.prefab using Guid(d39dcf2a439134e4197f06d3b54facdb) Importer(815301076,1909f56bfc062723c751e8b465ee728b)  -> (artifact id: 'f4e14f635bc29f4488d2bc7e93599e67') in 0.017853 seconds
Number of updated asset objects reloaded before import = 0
Number of asset objects unloaded after import = 39
========================================================================
Received Import Request.
  Time since last request: 0.000023 seconds.
  path: Assets/Resources/Objects/New Material 2.mat
  artifactKey: Guid(aefacaa47eaebed4f81e31c653b5f954) Importer(815301076,1909f56bfc062723c751e8b465ee728b)
Start importing Assets/Resources/Objects/New Material 2.mat using Guid(aefacaa47eaebed4f81e31c653b5f954) Importer(815301076,1909f56bfc062723c751e8b465ee728b)  -> (artifact id: 'e76ccc22e802b67ff0e27ff2c2a90233') in 0.015931 seconds
Number of updated asset objects reloaded before import = 0
Number of asset objects unloaded after import = 1
========================================================================
Received Import Request.
  Time since last request: 0.000018 seconds.
  path: Assets/Resources/Objects/sharik_blue 1.fbx
  artifactKey: Guid(5293617be0ccc2846b621f872dc0d4e2) Importer(815301076,1909f56bfc062723c751e8b465ee728b)
Start importing Assets/Resources/Objects/sharik_blue 1.fbx using Guid(5293617be0ccc2846b621f872dc0d4e2) Importer(815301076,1909f56bfc062723c751e8b465ee728b)  -> (artifact id: '3ad2a9368e00f41dd35bdf7fb9e6ad0e') in 0.042147 seconds
Number of updated asset objects reloaded before import = 0
Number of asset objects unloaded after import = 19
========================================================================
Received Import Request.
  Time since last request: 0.000015 seconds.
  path: Assets/Resources/Objects/korzina.fbx
  artifactKey: Guid(8ddef2e5fc9be67499bd2f464800c459) Importer(815301076,1909f56bfc062723c751e8b465ee728b)
Start importing Assets/Resources/Objects/korzina.fbx using Guid(8ddef2e5fc9be67499bd2f464800c459) Importer(815301076,1909f56bfc062723c751e8b465ee728b)  -> (artifact id: 'd633f98329e13dc92765cbe54d7d856a') in 0.054341 seconds
Number of updated asset objects reloaded before import = 0
Number of asset objects unloaded after import = 20
========================================================================
Received Import Request.
  Time since last request: 0.000021 seconds.
  path: Assets/Resources/Objects/sharik_green 1.prefab
  artifactKey: Guid(bc898b41ac622404582508e58cfd5833) Importer(815301076,1909f56bfc062723c751e8b465ee728b)
Start importing Assets/Resources/Objects/sharik_green 1.prefab using Guid(bc898b41ac622404582508e58cfd5833) Importer(815301076,1909f56bfc062723c751e8b465ee728b)  -> (artifact id: '690eb8009036a1a59c9c174a77ddef7f') in 0.016684 seconds
Number of updated asset objects reloaded before import = 0
Number of asset objects unloaded after import = 39
========================================================================
Received Import Request.
  Time since last request: 0.000020 seconds.
  path: Assets/Resources/Objects/New Material 4.mat
  artifactKey: Guid(2890c35f7e3b18545a3bceaf63b369bf) Importer(815301076,1909f56bfc062723c751e8b465ee728b)
Start importing Assets/Resources/Objects/New Material 4.mat using Guid(2890c35f7e3b18545a3bceaf63b369bf) Importer(815301076,1909f56bfc062723c751e8b465ee728b)  -> (artifact id: '69b93a830682058102a93f0ffc61a242') in 0.014291 seconds
Number of updated asset objects reloaded before import = 0
Number of asset objects unloaded after import = 1
========================================================================
Received Import Request.
  Time since last request: 0.000081 seconds.
  path: Assets/Resources/Objects/New Material 6.mat
  artifactKey: Guid(0f0c9de3d315243458ecad35390b8b99) Importer(815301076,1909f56bfc062723c751e8b465ee728b)
Start importing Assets/Resources/Objects/New Material 6.mat using Guid(0f0c9de3d315243458ecad35390b8b99) Importer(815301076,1909f56bfc062723c751e8b465ee728b)  -> (artifact id: '340f720675a3ca9026ccd5f8f2d1fb6b') in 0.015692 seconds
Number of updated asset objects reloaded before import = 0
Number of asset objects unloaded after import = 1
========================================================================
Received Import Request.
  Time since last request: 0.000017 seconds.
  path: Assets/Resources/Objects/ball.fbx
  artifactKey: Guid(88b23e8798d8c8040b713aa25c85b70e) Importer(815301076,1909f56bfc062723c751e8b465ee728b)
Start importing Assets/Resources/Objects/ball.fbx using Guid(88b23e8798d8c8040b713aa25c85b70e) Importer(815301076,1909f56bfc062723c751e8b465ee728b)  -> (artifact id: '24988ba2bc88c9e9d5b5af1e5c003b6d') in 0.025795 seconds
Number of updated asset objects reloaded before import = 0
Number of asset objects unloaded after import = 9
========================================================================
Received Import Request.
  Time since last request: 0.000017 seconds.
  path: Assets/Resources/Objects/sharik_yellow 1.prefab
  artifactKey: Guid(0011ea5be3ce55e49b1b45fd17b84a10) Importer(815301076,1909f56bfc062723c751e8b465ee728b)
Start importing Assets/Resources/Objects/sharik_yellow 1.prefab using Guid(0011ea5be3ce55e49b1b45fd17b84a10) Importer(815301076,1909f56bfc062723c751e8b465ee728b)  -> (artifact id: '3b0cc4d1582c9b36232107efc22af167') in 0.015962 seconds
Number of updated asset objects reloaded before import = 0
Number of asset objects unloaded after import = 39
========================================================================
Received Import Request.
  Time since last request: 0.000024 seconds.
  path: Assets/Resources/Objects/ball.prefab
  artifactKey: Guid(bf96be1f5cd66814aab3ef7dc3daab14) Importer(815301076,1909f56bfc062723c751e8b465ee728b)
Start importing Assets/Resources/Objects/ball.prefab using Guid(bf96be1f5cd66814aab3ef7dc3daab14) Importer(815301076,1909f56bfc062723c751e8b465ee728b)  -> (artifact id: 'fe6ffd9c39935dbf5ba349242db98436') in 0.016097 seconds
Number of updated asset objects reloaded before import = 0
Number of asset objects unloaded after import = 19
========================================================================
Received Import Request.
  Time since last request: 0.000017 seconds.
  path: Assets/Resources/Objects/New Material 13.mat
  artifactKey: Guid(541399f539fbf754092a589b411f2aae) Importer(815301076,1909f56bfc062723c751e8b465ee728b)
Start importing Assets/Resources/Objects/New Material 13.mat using Guid(541399f539fbf754092a589b411f2aae) Importer(815301076,1909f56bfc062723c751e8b465ee728b)  -> (artifact id: '198faa71dd89915ecc08f0aa1b741edb') in 0.014385 seconds
Number of updated asset objects reloaded before import = 0
Number of asset objects unloaded after import = 1
========================================================================
Received Import Request.
  Time since last request: 0.291208 seconds.
  path: Assets/Resources/Objects/Yabloko.fbx
  artifactKey: Guid(10f3619adacaae140b13fdc87579fb08) Importer(815301076,1909f56bfc062723c751e8b465ee728b)
Start importing Assets/Resources/Objects/Yabloko.fbx using Guid(10f3619adacaae140b13fdc87579fb08) Importer(815301076,1909f56bfc062723c751e8b465ee728b)  -> (artifact id: '0bdded1e66d6c6a6af0a4738e57ee3f1') in 0.064638 seconds
Number of updated asset objects reloaded before import = 0
Number of asset objects unloaded after import = 24
========================================================================
Received Import Request.
  Time since last request: 8.980438 seconds.
  path: Assets/Resources/Items/New Item.asset
  artifactKey: Guid(66cfd49ead2ae6c48b84c59f7b4f5e86) Importer(815301076,1909f56bfc062723c751e8b465ee728b)
Start importing Assets/Resources/Items/New Item.asset using Guid(66cfd49ead2ae6c48b84c59f7b4f5e86) Importer(815301076,1909f56bfc062723c751e8b465ee728b)  -> (artifact id: '1a0523b82243a3f8adbeb0759bee14b9') in 0.001081 seconds
Number of updated asset objects reloaded before import = 0
Number of asset objects unloaded after import = 1
========================================================================
Received Import Request.
  Time since last request: 83.632180 seconds.
  path: Assets/CheckableItem.cs
  artifactKey: Guid(6239d17c2b2e63e42a360f4371ca8040) Importer(815301076,1909f56bfc062723c751e8b465ee728b)
Start importing Assets/CheckableItem.cs using Guid(6239d17c2b2e63e42a360f4371ca8040) Importer(815301076,1909f56bfc062723c751e8b465ee728b)  -> (artifact id: '25618f1a5205d3d16cf8a83aefbb285e') in 0.000448 seconds
Number of updated asset objects reloaded before import = 0
Number of asset objects unloaded after import = 0
========================================================================
Received Import Request.
  Time since last request: 38.402873 seconds.
  path: Assets/Resources/Objects/Scenes
  artifactKey: Guid(b46127dd8973f044e8916ea7249d4897) Importer(815301076,1909f56bfc062723c751e8b465ee728b)
Start importing Assets/Resources/Objects/Scenes using Guid(b46127dd8973f044e8916ea7249d4897) Importer(815301076,1909f56bfc062723c751e8b465ee728b)  -> (artifact id: '05dc22a70624c8fc6b65317bdb614932') in 0.000418 seconds
Number of updated asset objects reloaded before import = 0
Number of asset objects unloaded after import = 0
========================================================================
Received Prepare
Begin MonoManager ReloadAssembly
- Loaded All Assemblies, in  0.635 seconds
Refreshing native plugins compatible for Editor in 9.04 ms, found 6 plugins.
Native extension for WindowsStandalone target not found
Native extension for WebGL target not found
[Package Manager] Server::EnsureServerProcessIsRunning -- launch failed, reason: Unity was launched with the -noUpm command-line argument
[Package Manager] UpmClient::Send -- Unable to send message (not connected to UPM process).
[Package Manager] Cannot connect to Unity Package Manager local server
Mono: successfully reloaded assembly
[Package Manager] Server::EnsureServerProcessIsRunning -- launch failed, reason: Unity was launched with the -noUpm command-line argument
[Package Manager] UpmClient::Send -- Unable to send message (not connected to UPM process).
[Package Manager] Cannot connect to Unity Package Manager local server
- Finished resetting the current domain, in  1.451 seconds
Domain Reload Profiling: 2082ms
	BeginReloadAssembly (246ms)
		ExecutionOrderSort (0ms)
		DisableScriptedObjects (5ms)
		BackupInstance (0ms)
		ReleaseScriptingObjects (0ms)
		CreateAndSetChildDomain (47ms)
	RebuildCommonClasses (39ms)
	RebuildNativeTypeToScriptingClass (14ms)
	initialDomainReloadingComplete (42ms)
	LoadAllAssembliesAndSetupDomain (290ms)
		LoadAssemblies (420ms)
		RebuildTransferFunctionScriptingTraits (0ms)
		AnalyzeDomain (20ms)
			TypeCache.Refresh (7ms)
				TypeCache.ScanAssembly (0ms)
			ScanForSourceGeneratedMonoScriptInfo (0ms)
			ResolveRequiredComponents (11ms)
	FinalizeReload (1451ms)
		ReleaseScriptCaches (0ms)
		RebuildScriptCaches (0ms)
		SetupLoadedEditorAssemblies (613ms)
			LogAssemblyErrors (0ms)
			InitializePlatformSupportModulesInManaged (8ms)
			SetLoadedEditorAssemblies (5ms)
			RefreshPlugins (0ms)
			BeforeProcessingInitializeOnLoad (65ms)
			ProcessInitializeOnLoadAttributes (509ms)
			ProcessInitializeOnLoadMethodAttributes (21ms)
			AfterProcessingInitializeOnLoad (5ms)
			EditorAssembliesLoaded (0ms)
		ExecutionOrderSort2 (0ms)
		AwakeInstancesAfterBackupRestoration (7ms)
Refreshing native plugins compatible for Editor in 4.82 ms, found 6 plugins.
Preloading 0 native plugins for Editor in 0.00 ms.
Unloading 3404 Unused Serialized files (Serialized files now loaded: 0)
Unloading 28 unused Assets / (33.6 KB). Loaded Objects now: 3950.
Memory consumption went from 137.4 MB to 137.4 MB.
Total: 3.496300 ms (FindLiveObjects: 0.274700 ms CreateObjectMapping: 0.106200 ms MarkObjects: 3.009200 ms  DeleteObjects: 0.104600 ms)

Prepare: number of updated asset objects reloaded= 0
AssetImportParameters requested are different than current active one (requested -> active):
  custom:container-demuxer-ogg: 62fdf1f143b41e24485cea50d1cbac27 -> 
  custom:video-codec-MediaFoundation-h265: 746d11721c4dcdbdad8f713fa42b33f4 -> 
  custom:video-decoder-ogg-theora: a1e56fd34408186e4bbccfd4996cb3dc -> 
  custom:framework-win-MediaFoundation: 216162199b28c13a410421893ffa2e32 -> 
  custom:CustomObjectIndexerAttribute: 9a22284fe3817be447336de3de66b15e -> 
  custom:container-demuxer-webm: 4f35f7cbe854078d1ac9338744f61a02 -> 
  custom:container-muxer-webm: aa71ff27fc2769a1b78a27578f13a17b -> 
  custom:video-decoder-webm-vp8: 9c59270c3fd7afecdb556c50c9e8de78 -> 
  custom:SearchIndexIgnoredProperties: e643bd26f0fe6173181afceb89e7c659 -> 
  custom:AudioImporter_EditorPlatform: d09bf68614088b80899f8185d706f6e7 -> 
  custom:video-encoder-webm-vp8: eb34c28f22e8b96e1ab97ce403110664 -> 
  custom:audio-decoder-ogg-vorbis: bf7c407c2cedff20999df2af8eb42d56 -> 
  custom:audio-encoder-webm-vorbis: bf7c407c2cedff20999df2af8eb42d56 -> 
========================================================================
Received Prepare
Begin MonoManager ReloadAssembly
- Loaded All Assemblies, in  0.350 seconds
Refreshing native plugins compatible for Editor in 3.75 ms, found 6 plugins.
Native extension for WindowsStandalone target not found
Native extension for WebGL target not found
[Package Manager] Server::EnsureServerProcessIsRunning -- launch failed, reason: Unity was launched with the -noUpm command-line argument
[Package Manager] UpmClient::Send -- Unable to send message (not connected to UPM process).
[Package Manager] Cannot connect to Unity Package Manager local server
Mono: successfully reloaded assembly
[Package Manager] Server::EnsureServerProcessIsRunning -- launch failed, reason: Unity was launched with the -noUpm command-line argument
[Package Manager] UpmClient::Send -- Unable to send message (not connected to UPM process).
[Package Manager] Cannot connect to Unity Package Manager local server
- Finished resetting the current domain, in  0.867 seconds
Domain Reload Profiling: 1215ms
	BeginReloadAssembly (126ms)
		ExecutionOrderSort (0ms)
		DisableScriptedObjects (3ms)
		BackupInstance (0ms)
		ReleaseScriptingObjects (0ms)
		CreateAndSetChildDomain (31ms)
	RebuildCommonClasses (24ms)
	RebuildNativeTypeToScriptingClass (8ms)
	initialDomainReloadingComplete (22ms)
	LoadAllAssembliesAndSetupDomain (168ms)
		LoadAssemblies (221ms)
		RebuildTransferFunctionScriptingTraits (0ms)
		AnalyzeDomain (12ms)
			TypeCache.Refresh (5ms)
				TypeCache.ScanAssembly (0ms)
			ScanForSourceGeneratedMonoScriptInfo (0ms)
			ResolveRequiredComponents (5ms)
	FinalizeReload (867ms)
		ReleaseScriptCaches (0ms)
		RebuildScriptCaches (0ms)
		SetupLoadedEditorAssemblies (538ms)
			LogAssemblyErrors (0ms)
			InitializePlatformSupportModulesInManaged (5ms)
			SetLoadedEditorAssemblies (3ms)
			RefreshPlugins (0ms)
			BeforeProcessingInitializeOnLoad (44ms)
			ProcessInitializeOnLoadAttributes (459ms)
			ProcessInitializeOnLoadMethodAttributes (22ms)
			AfterProcessingInitializeOnLoad (5ms)
			EditorAssembliesLoaded (0ms)
		ExecutionOrderSort2 (0ms)
		AwakeInstancesAfterBackupRestoration (7ms)
Refreshing native plugins compatible for Editor in 4.57 ms, found 6 plugins.
Preloading 0 native plugins for Editor in 0.00 ms.
Unloading 3405 Unused Serialized files (Serialized files now loaded: 0)
Unloading 28 unused Assets / (32.7 KB). Loaded Objects now: 3954.
Memory consumption went from 139.6 MB to 139.6 MB.
Total: 3.360400 ms (FindLiveObjects: 0.237000 ms CreateObjectMapping: 0.086800 ms MarkObjects: 2.974200 ms  DeleteObjects: 0.061200 ms)

Prepare: number of updated asset objects reloaded= 0
AssetImportParameters requested are different than current active one (requested -> active):
  custom:container-demuxer-ogg: 62fdf1f143b41e24485cea50d1cbac27 -> 
  custom:video-codec-MediaFoundation-h265: 746d11721c4dcdbdad8f713fa42b33f4 -> 
  custom:video-decoder-ogg-theora: a1e56fd34408186e4bbccfd4996cb3dc -> 
  custom:framework-win-MediaFoundation: 216162199b28c13a410421893ffa2e32 -> 
  custom:CustomObjectIndexerAttribute: 9a22284fe3817be447336de3de66b15e -> 
  custom:container-demuxer-webm: 4f35f7cbe854078d1ac9338744f61a02 -> 
  custom:container-muxer-webm: aa71ff27fc2769a1b78a27578f13a17b -> 
  custom:video-decoder-webm-vp8: 9c59270c3fd7afecdb556c50c9e8de78 -> 
  custom:SearchIndexIgnoredProperties: e643bd26f0fe6173181afceb89e7c659 -> 
  custom:AudioImporter_EditorPlatform: d09bf68614088b80899f8185d706f6e7 -> 
  custom:video-encoder-webm-vp8: eb34c28f22e8b96e1ab97ce403110664 -> 
  custom:audio-decoder-ogg-vorbis: bf7c407c2cedff20999df2af8eb42d56 -> 
  custom:audio-encoder-webm-vorbis: bf7c407c2cedff20999df2af8eb42d56 -> 
========================================================================
Received Prepare
Begin MonoManager ReloadAssembly
- Loaded All Assemblies, in  0.599 seconds
Refreshing native plugins compatible for Editor in 7.79 ms, found 6 plugins.
Native extension for WindowsStandalone target not found
Native extension for WebGL target not found
[Package Manager] Server::EnsureServerProcessIsRunning -- launch failed, reason: Unity was launched with the -noUpm command-line argument
[Package Manager] UpmClient::Send -- Unable to send message (not connected to UPM process).
[Package Manager] Cannot connect to Unity Package Manager local server
Mono: successfully reloaded assembly
[Package Manager] Server::EnsureServerProcessIsRunning -- launch failed, reason: Unity was launched with the -noUpm command-line argument
[Package Manager] UpmClient::Send -- Unable to send message (not connected to UPM process).
[Package Manager] Cannot connect to Unity Package Manager local server
- Finished resetting the current domain, in  1.591 seconds
Domain Reload Profiling: 2187ms
	BeginReloadAssembly (193ms)
		ExecutionOrderSort (0ms)
		DisableScriptedObjects (6ms)
		BackupInstance (0ms)
		ReleaseScriptingObjects (0ms)
		CreateAndSetChildDomain (37ms)
	RebuildCommonClasses (34ms)
	RebuildNativeTypeToScriptingClass (14ms)
	initialDomainReloadingComplete (35ms)
	LoadAllAssembliesAndSetupDomain (320ms)
		LoadAssemblies (410ms)
		RebuildTransferFunctionScriptingTraits (0ms)
		AnalyzeDomain (21ms)
			TypeCache.Refresh (8ms)
				TypeCache.ScanAssembly (0ms)
			ScanForSourceGeneratedMonoScriptInfo (0ms)
			ResolveRequiredComponents (11ms)
	FinalizeReload (1592ms)
		ReleaseScriptCaches (0ms)
		RebuildScriptCaches (0ms)
		SetupLoadedEditorAssemblies (812ms)
			LogAssemblyErrors (0ms)
			InitializePlatformSupportModulesInManaged (10ms)
			SetLoadedEditorAssemblies (4ms)
			RefreshPlugins (0ms)
			BeforeProcessingInitializeOnLoad (80ms)
			ProcessInitializeOnLoadAttributes (699ms)
			ProcessInitializeOnLoadMethodAttributes (15ms)
			AfterProcessingInitializeOnLoad (4ms)
			EditorAssembliesLoaded (0ms)
		ExecutionOrderSort2 (0ms)
		AwakeInstancesAfterBackupRestoration (5ms)
Refreshing native plugins compatible for Editor in 5.30 ms, found 6 plugins.
Preloading 0 native plugins for Editor in 0.00 ms.
Unloading 3405 Unused Serialized files (Serialized files now loaded: 0)
Unloading 28 unused Assets / (32.7 KB). Loaded Objects now: 3958.
Memory consumption went from 141.5 MB to 141.5 MB.
Total: 2.628400 ms (FindLiveObjects: 0.196000 ms CreateObjectMapping: 0.097200 ms MarkObjects: 2.280300 ms  DeleteObjects: 0.053800 ms)

Prepare: number of updated asset objects reloaded= 0
AssetImportParameters requested are different than current active one (requested -> active):
  custom:container-demuxer-ogg: 62fdf1f143b41e24485cea50d1cbac27 -> 
  custom:video-codec-MediaFoundation-h265: 746d11721c4dcdbdad8f713fa42b33f4 -> 
  custom:video-decoder-ogg-theora: a1e56fd34408186e4bbccfd4996cb3dc -> 
  custom:framework-win-MediaFoundation: 216162199b28c13a410421893ffa2e32 -> 
  custom:CustomObjectIndexerAttribute: 9a22284fe3817be447336de3de66b15e -> 
  custom:container-demuxer-webm: 4f35f7cbe854078d1ac9338744f61a02 -> 
  custom:container-muxer-webm: aa71ff27fc2769a1b78a27578f13a17b -> 
  custom:video-decoder-webm-vp8: 9c59270c3fd7afecdb556c50c9e8de78 -> 
  custom:SearchIndexIgnoredProperties: e643bd26f0fe6173181afceb89e7c659 -> 
  custom:AudioImporter_EditorPlatform: d09bf68614088b80899f8185d706f6e7 -> 
  custom:video-encoder-webm-vp8: eb34c28f22e8b96e1ab97ce403110664 -> 
  custom:audio-decoder-ogg-vorbis: bf7c407c2cedff20999df2af8eb42d56 -> 
  custom:audio-encoder-webm-vorbis: bf7c407c2cedff20999df2af8eb42d56 -> 
